<?xml version="1.0" encoding="UTF-8" standalone="no"?>
<testsuite failures="0" name="cucumber.runtime.formatter.JUnitFormatter" skipped="0" tests="1" time="54.105513">
<testcase classname="CRM APPLICATION LOGIN TEST" name="Validate CRM Login page with validate usernamae and password" time="54.105513">
<system-out><![CDATA[Given Usershould open BASE URL..............................................passed
When Usershould enter validate "Reddy77077" and "Saibaba77".................passed
Then Usershould should click login button...................................passed
Then Validate URL...........................................................passed
]]></system-out>
</testcase>
</testsuite>
